[2026-03-31 09:45:22] [INFO] === SEO每日内容生成任务开始 ===
[2026-03-31 09:45:22] [INFO] 开始时间: 2026-03-31T01:45:22.000Z
[2026-03-31 09:45:22] [INFO] 频道数量: 8
[2026-03-31 09:45:22] [INFO] 
处理频道: ai
[2026-03-31 09:45:22] [INFO] 文章主题: The Future of AI in Scientific Discovery
[2026-03-31 09:45:22] [INFO] 文章长度: 14,115 字 (英文)
[2026-03-31 09:45:22] [INFO] 文章已保存: ai-2026-03-31-future-of-ai-in-scientific-discovery.md
[2026-03-31 09:45:22] [INFO] ✅ 频道 ai 文章生成完成
[2026-03-31 09:45:22] [INFO] 
处理频道: apple
[2026-03-31 09:45:22] [INFO] 文章主题: Apple's AR Glasses Ecosystem Revolution
[2026-03-31 09:45:22] [INFO] 文章长度: 18,500 字 (英文)
[2026-03-31 09:45:22] [INFO] 文章已保存: apple-2026-03-31-ar-glasses-ecosystem-revolution.md
[2026-03-31 09:45:22] [INFO] ✅ 频道 apple 文章生成完成
[2026-03-31 09:45:22] [INFO] 
处理频道: openclaw
[2026-03-31 09:45:22] [INFO] 文章主题: The Future of Local AI Assistants
[2026-03-31 09:45:22] [INFO] 文章长度: 20,962 字 (英文)
[2026-03-31 09:45:22] [INFO] 文章已保存: openclaw-2026-03-31-future-of-local-ai-assistants.md
[2026-03-31 09:45:22] [INFO] ✅ 频道 openclaw 文章生成完成
[2026-03-31 09:45:22] [INFO] 
处理频道: site-a
[2026-03-31 09:45:22] [INFO] 文章主题: The Evolution of SEO in the AI Era
[2026-03-31 09:45:22] [INFO] 文章长度: 20,207 字 (英文)
[2026-03-31 09:45:22] [INFO] 文章已保存: site-a-2026-03-31-seo-evolution-in-ai-era.md
[2026-03-31 09:45:22] [INFO] ✅ 频道 site-a 文章生成完成
[2026-03-31 09:45:22] [INFO] 
处理频道: streaming
[2026-03-31 09:45:22] [INFO] 文章主题: The Future of Interactive Streaming
[2026-03-31 09:45:22] [INFO] 文章长度: 24,923 字 (英文)
[2026-03-31 09:45:22] [INFO] 文章已保存: streaming-2026-03-31-future-of-interactive-streaming.md
[2026-03-31 09:45:22] [INFO] ✅ 频道 streaming 文章生成完成
[2026-03-31 09:45:22] [INFO] 
处理频道: tesla
[2026-03-31 09:45:22] [INFO] 文章主题: Tesla's Energy Ecosystem Revolution
[2026-03-31 09:45:22] [INFO] 文章长度: 23,514 字 (英文)
[2026-03-31 09:45:22] [INFO] 文章已保存: tesla-2026-03-31-energy-ecosystem-revolution.md
[2026-03-31 09:45:22] [INFO] ✅ 频道 tesla 文章生成完成
[2026-03-31 09:45:22] [INFO] 
处理频道: vpn-usa
[2026-03-31 09:45:22] [INFO] 文章主题: The Future of Digital Privacy in an AI-Driven World
[2026-03-31 09:45:22] [INFO] 文章长度: 25,897 字 (英文)
[2026-03-31 09:45:22] [INFO] 文章已保存: vpn-usa-2026-03-31-future-of-digital-privacy-in-ai-world.md
[2026-03-31 09:45:22] [INFO] ✅ 频道 vpn-usa 文章生成完成
[2026-03-31 09:45:22] [INFO] 
处理频道: web3
[2026-03-31 09:45:22] [INFO] 文章主题: The Convergence of AI and Web3
[2026-03-31 09:45:22] [INFO] 文章长度: 28,516 字 (英文)
[2026-03-31 09:45:22] [INFO] 文章已保存: web3-2026-03-31-convergence-of-ai-and-web3.md
[2026-03-31 09:45:22] [INFO] ✅ 频道 web3 文章生成完成
[2026-03-31 09:45:22] [INFO] 
=== 任务完成报告 ===
[2026-03-31 09:45:22] [INFO] 总文章数: 8/8
[2026-03-31 09:45:22] [INFO]   - ai: The Future of AI in Scientific Discovery (14,115 字)
[2026-03-31 09:45:22] [INFO]   - apple: Apple's AR Glasses Ecosystem Revolution (18,500 字)
[2026-03-31 09:45:22] [INFO]   - openclaw: The Future of Local AI Assistants (20,962 字)
[2026-03-31 09:45:22] [INFO]   - site-a: The Evolution of SEO in the AI Era (20,207 字)
[2026-03-31 09:45:22] [INFO]   - streaming: The Future of Interactive Streaming (24,923 字)
[2026-03-31 09:45:22] [INFO]   - tesla: Tesla's Energy Ecosystem Revolution (23,514 字)
[2026-03-31 09:45:22] [INFO]   - vpn-usa: The Future of Digital Privacy in an AI-Driven World (25,897 字)
[2026-03-31 09:45:22] [INFO]   - web3: The Convergence of AI and Web3 (28,516 字)
[2026-03-31 09:45:22] [INFO] 
8 篇文章已生成，总字数: 176,634 字
[2026-03-31 09:45:22] [INFO] Git提交完成: 8个文件添加提交
[2026-03-31 09:45:22] [ERROR] ❌ Git推送失败: Connection was reset (可能需要网络重试)
[2026-03-31 09:45:22] [INFO] === 任务结束 ===